Initialized native services in: /home/codespace/.gradle/native
Initialized jansi services in: /home/codespace/.gradle/native
To honour the JVM settings for this build a single-use Daemon process will be forked. For more on this, please refer to https://docs.gradle.org/8.14.3/userguide/gradle_daemon.html#sec:disabling_the_daemon in the Gradle documentation.
Starting process 'Gradle build daemon'. Working directory: /home/codespace/.gradle/daemon/8.14.3 Command: /usr/local/sdkman/candidates/java/21.0.7-ms/bin/java --add-opens=java.base/java.lang=ALL-UNNAMED --add-opens=java.base/java.lang.invoke=ALL-UNNAMED --add-opens=java.base/java.util=ALL-UNNAMED --add-opens=java.prefs/java.util.prefs=ALL-UNNAMED --add-exports=jdk.compiler/com.sun.tools.javac.api=ALL-UNNAMED --add-exports=jdk.compiler/com.sun.tools.javac.util=ALL-UNNAMED --add-opens=java.base/java.util=ALL-UNNAMED --add-opens=java.prefs/java.util.prefs=ALL-UNNAMED --add-opens=java.base/java.nio.charset=ALL-UNNAMED --add-opens=java.base/java.net=ALL-UNNAMED --add-opens=java.base/java.util.concurrent.atomic=ALL-UNNAMED --add-opens=java.xml/javax.xml.namespace=ALL-UNNAMED -XX:MaxMetaspaceSize=384m -XX:+HeapDumpOnOutOfMemoryError -Xms256m -Xmx512m -Dfile.encoding=UTF-8 -Duser.country -Duser.language=en -Duser.variant -cp /home/codespace/.gradle/wrapper/dists/gradle-8.14.3-bin/cv11ve7ro1n3o1j4so8xd9n66/gradle-8.14.3/lib/gradle-daemon-main-8.14.3.jar -javaagent:/home/codespace/.gradle/wrapper/dists/gradle-8.14.3-bin/cv11ve7ro1n3o1j4so8xd9n66/gradle-8.14.3/lib/agents/gradle-instrumentation-agent-8.14.3.jar org.gradle.launcher.daemon.bootstrap.GradleDaemon 8.14.3
Successfully started process 'Gradle build daemon'
An attempt to start the daemon took 3.967 secs.
The client will now receive all logging from the daemon (pid: 94333). The daemon log file: /home/codespace/.gradle/daemon/8.14.3/daemon-94333.out.log
Daemon will be stopped at the end of the build 
Using 2 worker leases.

FAILURE: Build failed with an exception.

* What went wrong:
Directory '/workspaces/Kid-Friendly-Map-v1' does not contain a Gradle build.

A Gradle build's root directory should contain one of the possible settings files: settings.gradle, settings.gradle.kts, settings.gradle.dcl.It may also contain one of the possible build files: build.gradle, build.gradle.kts, build.gradle.dcl.

To create a new Gradle build in this directory run 'gradlew init'

For more information about the 'init' task, please refer to https://docs.gradle.org/8.14.3/userguide/build_init_plugin.html in the Gradle documentation.

For more details on creating a Gradle build, please refer to https://docs.gradle.org/8.14.3/userguide/tutorial_using_tasks.html in the Gradle documentation.

* Try:
> Run gradlew init to create a new Gradle build in this directory.
> Run with --stacktrace option to get the stack trace.
> Run with --debug option to get more log output.
> Get more help at https://help.gradle.org.

BUILD FAILED in 6s
